<?xml version="1.0"?>
<!DOCTYPE coverage SYSTEM "http://cobertura.sourceforge.net/xml/coverage-04.dtd">

<coverage line-rate="0.82" branch-rate="0.5" lines-covered="41" lines-valid="50" branches-covered="1" branches-valid="2" complexity="1.125" version="2.0.3" timestamp="1447280854620">
	<sources>
		<source>/Users/MAC/Code/BDD/Ogrenci/TDD/mocking/mockito/mockito/src/main/java</source>
		<source>--source</source>
	</sources>
	<packages>
		<package name="com.pillartechnology.mail" line-rate="0.82" branch-rate="0.5" complexity="1.125">
			<classes>
				<class name="com.pillartechnology.mail.AddressInputQueue" filename="com/pillartechnology/mail/AddressInputQueue.java" line-rate="0.0" branch-rate="1.0" complexity="1.0">
					<methods>
						<method name="&lt;init&gt;" signature="()V" line-rate="0.0" branch-rate="1.0">
							<lines>
								<line number="3" hits="0" branch="false"/>
							</lines>
						</method>
						<method name="next" signature="()Ljava/lang/String;" line-rate="0.0" branch-rate="1.0">
							<lines>
								<line number="6" hits="0" branch="false"/>
							</lines>
						</method>
					</methods>
					<lines>
						<line number="3" hits="0" branch="false"/>
						<line number="6" hits="0" branch="false"/>
					</lines>
				</class>
				<class name="com.pillartechnology.mail.AddressSplitter" filename="com/pillartechnology/mail/AddressSplitter.java" line-rate="1.0" branch-rate="1.0" complexity="1.0">
					<methods>
						<method name="&lt;init&gt;" signature="()V" line-rate="1.0" branch-rate="1.0">
							<lines>
								<line number="6" hits="8" branch="false"/>
							</lines>
						</method>
						<method name="split" signature="()Ljava/util/List;" line-rate="1.0" branch-rate="1.0">
							<lines>
								<line number="11" hits="8" branch="false"/>
							</lines>
						</method>
					</methods>
					<lines>
						<line number="6" hits="8" branch="false"/>
						<line number="11" hits="8" branch="false"/>
					</lines>
				</class>
				<class name="com.pillartechnology.mail.Email" filename="com/pillartechnology/mail/Email.java" line-rate="1.0" branch-rate="1.0" complexity="1.0">
					<methods>
						<method name="&lt;init&gt;" signature="()V" line-rate="1.0" branch-rate="1.0">
							<lines>
								<line number="5" hits="16" branch="false"/>
							</lines>
						</method>
						<method name="getBody" signature="()Ljava/lang/String;" line-rate="1.0" branch-rate="1.0">
							<lines>
								<line number="25" hits="8" branch="false"/>
							</lines>
						</method>
						<method name="getDomain" signature="()Ljava/lang/String;" line-rate="1.0" branch-rate="1.0">
							<lines>
								<line number="13" hits="8" branch="false"/>
							</lines>
						</method>
						<method name="getTimestamp" signature="()Ljava/util/Date;" line-rate="1.0" branch-rate="1.0">
							<lines>
								<line number="31" hits="8" branch="false"/>
							</lines>
						</method>
						<method name="getUser" signature="()Ljava/lang/String;" line-rate="1.0" branch-rate="1.0">
							<lines>
								<line number="19" hits="8" branch="false"/>
							</lines>
						</method>
						<method name="setBody" signature="(Ljava/lang/String;)V" line-rate="1.0" branch-rate="1.0">
							<lines>
								<line number="28" hits="16" branch="false"/>
								<line number="29" hits="16" branch="false"/>
							</lines>
						</method>
						<method name="setDomain" signature="(Ljava/lang/String;)V" line-rate="1.0" branch-rate="1.0">
							<lines>
								<line number="16" hits="16" branch="false"/>
								<line number="17" hits="16" branch="false"/>
							</lines>
						</method>
						<method name="setTimestamp" signature="(Ljava/util/Date;)V" line-rate="1.0" branch-rate="1.0">
							<lines>
								<line number="34" hits="16" branch="false"/>
								<line number="35" hits="16" branch="false"/>
							</lines>
						</method>
						<method name="setUser" signature="(Ljava/lang/String;)V" line-rate="1.0" branch-rate="1.0">
							<lines>
								<line number="22" hits="16" branch="false"/>
								<line number="23" hits="16" branch="false"/>
							</lines>
						</method>
					</methods>
					<lines>
						<line number="5" hits="16" branch="false"/>
						<line number="13" hits="8" branch="false"/>
						<line number="16" hits="16" branch="false"/>
						<line number="17" hits="16" branch="false"/>
						<line number="19" hits="8" branch="false"/>
						<line number="22" hits="16" branch="false"/>
						<line number="23" hits="16" branch="false"/>
						<line number="25" hits="8" branch="false"/>
						<line number="28" hits="16" branch="false"/>
						<line number="29" hits="16" branch="false"/>
						<line number="31" hits="8" branch="false"/>
						<line number="34" hits="16" branch="false"/>
						<line number="35" hits="16" branch="false"/>
					</lines>
				</class>
				<class name="com.pillartechnology.mail.ExternalMailSystem" filename="com/pillartechnology/mail/ExternalMailSystem.java" line-rate="1.0" branch-rate="1.0" complexity="1.0">
					<methods>
					</methods>
					<lines>
					</lines>
				</class>
				<class name="com.pillartechnology.mail.MailDeliverer" filename="com/pillartechnology/mail/MailDeliverer.java" line-rate="0.8387096774193549" branch-rate="0.5" complexity="1.6666666666666667">
					<methods>
						<method name="&lt;init&gt;" signature="()V" line-rate="1.0" branch-rate="1.0">
							<lines>
								<line number="3" hits="8" branch="false"/>
								<line number="5" hits="4" branch="false"/>
							</lines>
						</method>
						<method name="applyUserAndDomainUsingProvidedAddress" signature="(Ljava/lang/String;Lcom/pillartechnology/mail/Email;)V" line-rate="1.0" branch-rate="1.0">
							<lines>
								<line number="22" hits="12" branch="false"/>
								<line number="24" hits="2" branch="false"/>
								<line number="25" hits="2" branch="false"/>
								<line number="26" hits="2" branch="false"/>
								<line number="27" hits="4" branch="false"/>
								<line number="28" hits="4" branch="false"/>
								<line number="29" hits="8" branch="false"/>
								<line number="30" hits="8" branch="false"/>
								<line number="31" hits="6" branch="false"/>
								<line number="32" hits="6" branch="false"/>
							</lines>
						</method>
						<method name="calculate" signature="()V" line-rate="0.0" branch-rate="1.0">
							<lines>
								<line number="33" hits="0" branch="false"/>
								<line number="34" hits="0" branch="false"/>
								<line number="35" hits="0" branch="false"/>
								<line number="36" hits="0" branch="false"/>
								<line number="37" hits="0" branch="false"/>
							</lines>
						</method>
						<method name="deliver" signature="(Ljava/lang/String;Ljava/lang/String;)V" line-rate="1.0" branch-rate="0.5">
							<lines>
								<line number="9" hits="6" branch="false"/>
								<line number="10" hits="6" branch="false"/>
								<line number="11" hits="12" branch="false"/>
								<line number="12" hits="14" branch="false"/>
								<line number="13" hits="12" branch="true" condition-coverage="50% (1/2)">
									<conditions>
										<condition number="0" type="jump" coverage="50%"/>
									</conditions>
								</line>
								<line number="14" hits="16" branch="false"/>
								<line number="15" hits="10" branch="false"/>
								<line number="16" hits="8" branch="false"/>
								<line number="17" hits="2" branch="false"/>
								<line number="18" hits="4" branch="false"/>
								<line number="19" hits="6" branch="false"/>
								<line number="20" hits="8" branch="false"/>
								<line number="21" hits="10" branch="false"/>
								<line number="23" hits="4" branch="false"/>
							</lines>
						</method>
					</methods>
					<lines>
						<line number="3" hits="8" branch="false"/>
						<line number="5" hits="4" branch="false"/>
						<line number="9" hits="6" branch="false"/>
						<line number="10" hits="6" branch="false"/>
						<line number="11" hits="12" branch="false"/>
						<line number="12" hits="14" branch="false"/>
						<line number="13" hits="12" branch="true" condition-coverage="50% (1/2)">
							<conditions>
								<condition number="0" type="jump" coverage="50%"/>
							</conditions>
						</line>
						<line number="14" hits="16" branch="false"/>
						<line number="15" hits="10" branch="false"/>
						<line number="16" hits="8" branch="false"/>
						<line number="17" hits="2" branch="false"/>
						<line number="18" hits="4" branch="false"/>
						<line number="19" hits="6" branch="false"/>
						<line number="20" hits="8" branch="false"/>
						<line number="21" hits="10" branch="false"/>
						<line number="22" hits="12" branch="false"/>
						<line number="23" hits="4" branch="false"/>
						<line number="24" hits="2" branch="false"/>
						<line number="25" hits="2" branch="false"/>
						<line number="26" hits="2" branch="false"/>
						<line number="27" hits="4" branch="false"/>
						<line number="28" hits="4" branch="false"/>
						<line number="29" hits="8" branch="false"/>
						<line number="30" hits="8" branch="false"/>
						<line number="31" hits="6" branch="false"/>
						<line number="32" hits="6" branch="false"/>
						<line number="33" hits="0" branch="false"/>
						<line number="34" hits="0" branch="false"/>
						<line number="35" hits="0" branch="false"/>
						<line number="36" hits="0" branch="false"/>
						<line number="37" hits="0" branch="false"/>
					</lines>
				</class>
				<class name="com.pillartechnology.mail.Timestamper" filename="com/pillartechnology/mail/Timestamper.java" line-rate="0.0" branch-rate="1.0" complexity="1.0">
					<methods>
						<method name="&lt;init&gt;" signature="()V" line-rate="0.0" branch-rate="1.0">
							<lines>
								<line number="5" hits="0" branch="false"/>
							</lines>
						</method>
						<method name="stamp" signature="()Ljava/util/Date;" line-rate="0.0" branch-rate="1.0">
							<lines>
								<line number="8" hits="0" branch="false"/>
							</lines>
						</method>
					</methods>
					<lines>
						<line number="5" hits="0" branch="false"/>
						<line number="8" hits="0" branch="false"/>
					</lines>
				</class>
			</classes>
		</package>
	</packages>
</coverage>
