<testng-results>
  <reporter-output>
  </reporter-output>
  <suite name="Command line suite" duration-ms="341" started-at="2015-11-12T00:27:31Z" finished-at="2015-11-12T00:27:32Z">
    <groups>
    </groups>
    <test name="Command line test" duration-ms="341" started-at="2015-11-12T00:27:31Z" finished-at="2015-11-12T00:27:32Z">
      <class name="com.pillartechnology.mail.AddressSplitterTest">
        <test-method status="PASS" signature="injectDoubles()" name="injectDoubles" is-config="true" duration-ms="225" started-at="2015-11-12T00:27:31Z" finished-at="2015-11-12T00:27:32Z">
        </test-method>
        <test-method status="PASS" signature="splitsAddressesByComma()" name="splitsAddressesByComma" duration-ms="41" started-at="2015-11-12T00:27:32Z" finished-at="2015-11-12T00:27:32Z">
        </test-method>
      </class>
      <class name="com.pillartechnology.mail.MailDelivererTest">
        <test-method status="PASS" signature="injectDoubles()" name="injectDoubles" is-config="true" duration-ms="35" started-at="2015-11-12T00:27:32Z" finished-at="2015-11-12T00:27:32Z">
        </test-method>
        <test-method status="PASS" signature="sendsEmailByConstructingEmailObject()" name="sendsEmailByConstructingEmailObject" duration-ms="19" started-at="2015-11-12T00:27:32Z" finished-at="2015-11-12T00:27:32Z">
        </test-method>
        <test-method status="PASS" signature="injectDoubles()" name="injectDoubles" is-config="true" duration-ms="4" started-at="2015-11-12T00:27:32Z" finished-at="2015-11-12T00:27:32Z">
        </test-method>
        <test-method status="PASS" signature="setsTheTimestampOnTheEmail()" name="setsTheTimestampOnTheEmail" duration-ms="3" started-at="2015-11-12T00:27:32Z" finished-at="2015-11-12T00:27:32Z">
        </test-method>
      </class>
    </test>
  </suite>
</testng-results>
